  Admin.cpp
c:\users\kənan\source\repos\restaurantprojectoop\restaurantprojectoop\admin.cpp(21): warning C4566: character represented by universal-character-name '\u0259' cannot be represented in the current code page (1252)
c:\users\kənan\source\repos\restaurantprojectoop\restaurantprojectoop\admin.cpp(34): warning C4566: character represented by universal-character-name '\u0259' cannot be represented in the current code page (1252)
  Database.cpp
c:\users\kənan\source\repos\restaurantprojectoop\restaurantprojectoop\database.cpp(32): warning C4566: character represented by universal-character-name '\u0259' cannot be represented in the current code page (1252)
c:\users\kənan\source\repos\restaurantprojectoop\restaurantprojectoop\database.cpp(202): error C2039: 'tolower': is not a member of 'std'
  c:\program files (x86)\microsoft visual studio\2017\community\vc\tools\msvc\14.16.27023\include\algorithm(23): note: see declaration of 'std'
c:\users\kənan\source\repos\restaurantprojectoop\restaurantprojectoop\database.cpp(211): error C2039: 'toupper': is not a member of 'std'
  c:\program files (x86)\microsoft visual studio\2017\community\vc\tools\msvc\14.16.27023\include\algorithm(23): note: see declaration of 'std'
  Meal.cpp
c:\users\kənan\source\repos\restaurantprojectoop\restaurantprojectoop\meal.cpp(3): fatal error C1083: Cannot open include file: 'File_Helper.h': No such file or directory
  Restaurant.cpp
c:\users\kənan\source\repos\restaurantprojectoop\restaurantprojectoop\restaurant.cpp(44): warning C4566: character represented by universal-character-name '\u0259' cannot be represented in the current code page (1252)
c:\users\kənan\source\repos\restaurantprojectoop\restaurantprojectoop\restaurant.cpp(57): warning C4566: character represented by universal-character-name '\u0259' cannot be represented in the current code page (1252)
c:\users\kənan\source\repos\restaurantprojectoop\restaurantprojectoop\restaurant.cpp(70): warning C4566: character represented by universal-character-name '\u0259' cannot be represented in the current code page (1252)
c:\users\kənan\source\repos\restaurantprojectoop\restaurantprojectoop\restaurant.cpp(83): warning C4566: character represented by universal-character-name '\u0259' cannot be represented in the current code page (1252)
  Source.cpp
c:\users\kənan\source\repos\restaurantprojectoop\restaurantprojectoop\clientmenu.h(37): warning C4566: character represented by universal-character-name '\u0259' cannot be represented in the current code page (1252)
c:\users\kənan\source\repos\restaurantprojectoop\restaurantprojectoop\clientmenu.h(193): warning C4566: character represented by universal-character-name '\u0259' cannot be represented in the current code page (1252)
c:\users\kənan\source\repos\restaurantprojectoop\restaurantprojectoop\clientmenu.h(262): warning C4566: character represented by universal-character-name '\u0259' cannot be represented in the current code page (1252)
c:\users\kənan\source\repos\restaurantprojectoop\restaurantprojectoop\clientmenu.h(286): warning C4566: character represented by universal-character-name '\u0259' cannot be represented in the current code page (1252)
c:\users\kənan\source\repos\restaurantprojectoop\restaurantprojectoop\clientmenu.h(401): warning C4566: character represented by universal-character-name '\u0259' cannot be represented in the current code page (1252)
c:\users\kənan\source\repos\restaurantprojectoop\restaurantprojectoop\kitchenmenu.h(92): warning C4566: character represented by universal-character-name '\u0259' cannot be represented in the current code page (1252)
c:\users\kənan\source\repos\restaurantprojectoop\restaurantprojectoop\kitchenmenu.h(140): warning C4018: '<': signed/unsigned mismatch
c:\users\kənan\source\repos\restaurantprojectoop\restaurantprojectoop\kitchenmenu.h(181): warning C4244: 'argument': conversion from 'float' to 'const size_t', possible loss of data
c:\users\kənan\source\repos\restaurantprojectoop\restaurantprojectoop\kitchenmenu.h(290): warning C4566: character represented by universal-character-name '\u0259' cannot be represented in the current code page (1252)
c:\users\kənan\source\repos\restaurantprojectoop\restaurantprojectoop\kitchenmenu.h(331): error C2664: 'int MessageBoxA(HWND,LPCSTR,LPCSTR,UINT)': cannot convert argument 2 from 'LPCWSTR' to 'LPCSTR'
  c:\users\kənan\source\repos\restaurantprojectoop\restaurantprojectoop\kitchenmenu.h(331): note: Types pointed to are unrelated; conversion requires reinterpret_cast, C-style cast or function-style cast
c:\users\kənan\source\repos\restaurantprojectoop\restaurantprojectoop\kitchenmenu.h(371): error C2664: 'int MessageBoxA(HWND,LPCSTR,LPCSTR,UINT)': cannot convert argument 2 from 'LPCWSTR' to 'LPCSTR'
  c:\users\kənan\source\repos\restaurantprojectoop\restaurantprojectoop\kitchenmenu.h(371): note: Types pointed to are unrelated; conversion requires reinterpret_cast, C-style cast or function-style cast
c:\users\kənan\source\repos\restaurantprojectoop\restaurantprojectoop\kitchenmenu.h(402): warning C4566: character represented by universal-character-name '\u0259' cannot be represented in the current code page (1252)
c:\users\kənan\source\repos\restaurantprojectoop\restaurantprojectoop\kitchenmenu.h(464): warning C4566: character represented by universal-character-name '\u0259' cannot be represented in the current code page (1252)
c:\users\kənan\source\repos\restaurantprojectoop\restaurantprojectoop\kitchenmenu.h(539): error C2664: 'int MessageBoxA(HWND,LPCSTR,LPCSTR,UINT)': cannot convert argument 2 from 'LPCWSTR' to 'LPCSTR'
  c:\users\kənan\source\repos\restaurantprojectoop\restaurantprojectoop\kitchenmenu.h(539): note: Types pointed to are unrelated; conversion requires reinterpret_cast, C-style cast or function-style cast
c:\users\kənan\source\repos\restaurantprojectoop\restaurantprojectoop\kitchenmenu.h(561): warning C4566: character represented by universal-character-name '\u0259' cannot be represented in the current code page (1252)
c:\users\kənan\source\repos\restaurantprojectoop\restaurantprojectoop\stockmenu.h(139): error C2664: 'int MessageBoxA(HWND,LPCSTR,LPCSTR,UINT)': cannot convert argument 2 from 'LPCWSTR' to 'LPCSTR'
  c:\users\kənan\source\repos\restaurantprojectoop\restaurantprojectoop\stockmenu.h(139): note: Types pointed to are unrelated; conversion requires reinterpret_cast, C-style cast or function-style cast
c:\users\kənan\source\repos\restaurantprojectoop\restaurantprojectoop\stockmenu.h(170): warning C4566: character represented by universal-character-name '\u0259' cannot be represented in the current code page (1252)
c:\users\kənan\source\repos\restaurantprojectoop\restaurantprojectoop\stockmenu.h(221): warning C4566: character represented by universal-character-name '\u0259' cannot be represented in the current code page (1252)
c:\users\kənan\source\repos\restaurantprojectoop\restaurantprojectoop\stockmenu.h(265): warning C4566: character represented by universal-character-name '\u0259' cannot be represented in the current code page (1252)
c:\users\kənan\source\repos\restaurantprojectoop\restaurantprojectoop\adminmenu.h(21): warning C4566: character represented by universal-character-name '\u0259' cannot be represented in the current code page (1252)
c:\users\kənan\source\repos\restaurantprojectoop\restaurantprojectoop\start.h(364): warning C4244: 'argument': conversion from 'unsigned int' to 'const float', possible loss of data
  Generating Code...
